<?xml version="1.0" encoding="UTF-8" ?>
<testsuite failures="0" time="0.03" errors="0" skipped="0" tests="1" name="com.mycompany.app.AppTest">
  <properties>
    <property name="java.runtime.name" value="Java(TM) SE Runtime Environment"/>
    <property name="sun.boot.library.path" value="/home/iaon/.jenkins/tools/hudson.model.JDK/jdk6/jre/lib/amd64"/>
    <property name="java.vm.version" value="20.45-b01"/>
    <property name="java.vm.vendor" value="Sun Microsystems Inc."/>
    <property name="java.vendor.url" value="http://java.sun.com/"/>
    <property name="path.separator" value=":"/>
    <property name="java.vm.name" value="Java HotSpot(TM) 64-Bit Server VM"/>
    <property name="file.encoding.pkg" value="sun.io"/>
    <property name="user.country" value="RU"/>
    <property name="sun.java.launcher" value="SUN_STANDARD"/>
    <property name="sun.os.patch.level" value="unknown"/>
    <property name="java.vm.specification.name" value="Java Virtual Machine Specification"/>
    <property name="user.dir" value="/home/iaon/.jenkins/workspace/sp/my-app"/>
    <property name="java.runtime.version" value="1.6.0_45-b06"/>
    <property name="java.awt.graphicsenv" value="sun.awt.X11GraphicsEnvironment"/>
    <property name="basedir" value="/home/iaon/.jenkins/workspace/sp/my-app"/>
    <property name="java.endorsed.dirs" value="/home/iaon/.jenkins/tools/hudson.model.JDK/jdk6/jre/lib/endorsed"/>
    <property name="os.arch" value="amd64"/>
    <property name="surefire.real.class.path" value="/tmp/surefirebooter1667675126174812905.jar"/>
    <property name="java.io.tmpdir" value="/tmp"/>
    <property name="line.separator" value="
"/>
    <property name="java.vm.specification.vendor" value="Sun Microsystems Inc."/>
    <property name="os.name" value="Linux"/>
    <property name="sun.jnu.encoding" value="UTF-8"/>
    <property name="java.library.path" value="/home/iaon/.jenkins/tools/hudson.model.JDK/jdk6/jre/lib/amd64/server:/home/iaon/.jenkins/tools/hudson.model.JDK/jdk6/jre/lib/amd64:/home/iaon/.jenkins/tools/hudson.model.JDK/jdk6/jre/../lib/amd64:/usr/lib/jvm/java-6-openjdk-amd64/jre/lib/amd64/server:/usr/lib/jvm/java-6-openjdk-amd64/jre/lib/amd64:/usr/lib/jvm/java-6-openjdk-amd64/jre/../lib/amd64:/usr/java/packages/lib/amd64:/usr/lib64:/lib64:/lib:/usr/lib"/>
    <property name="surefire.test.class.path" value="/home/iaon/.jenkins/workspace/sp/my-app/target/test-classes:/home/iaon/.jenkins/workspace/sp/my-app/target/classes:/home/iaon/.m2/repository/junit/junit/3.8.1/junit-3.8.1.jar:"/>
    <property name="java.specification.name" value="Java Platform API Specification"/>
    <property name="java.class.version" value="50.0"/>
    <property name="sun.management.compiler" value="HotSpot 64-Bit Tiered Compilers"/>
    <property name="os.version" value="3.2.0-58-generic"/>
    <property name="user.home" value="/home/iaon"/>
    <property name="user.timezone" value=""/>
    <property name="java.awt.printerjob" value="sun.print.PSPrinterJob"/>
    <property name="file.encoding" value="UTF-8"/>
    <property name="java.specification.version" value="1.6"/>
    <property name="user.name" value="iaon"/>
    <property name="java.class.path" value="/home/iaon/.jenkins/workspace/sp/my-app/target/test-classes:/home/iaon/.jenkins/workspace/sp/my-app/target/classes:/home/iaon/.m2/repository/junit/junit/3.8.1/junit-3.8.1.jar:"/>
    <property name="java.vm.specification.version" value="1.0"/>
    <property name="sun.arch.data.model" value="64"/>
    <property name="java.home" value="/home/iaon/.jenkins/tools/hudson.model.JDK/jdk6/jre"/>
    <property name="sun.java.command" value="/tmp/surefirebooter1667675126174812905.jar /tmp/surefire4179219606745968111tmp /tmp/surefire4455829210449335689tmp"/>
    <property name="java.specification.vendor" value="Sun Microsystems Inc."/>
    <property name="user.language" value="ru"/>
    <property name="java.vm.info" value="mixed mode"/>
    <property name="java.version" value="1.6.0_45"/>
    <property name="java.ext.dirs" value="/home/iaon/.jenkins/tools/hudson.model.JDK/jdk6/jre/lib/ext:/usr/java/packages/lib/ext"/>
    <property name="sun.boot.class.path" value="/home/iaon/.jenkins/tools/hudson.model.JDK/jdk6/jre/lib/resources.jar:/home/iaon/.jenkins/tools/hudson.model.JDK/jdk6/jre/lib/rt.jar:/home/iaon/.jenkins/tools/hudson.model.JDK/jdk6/jre/lib/sunrsasign.jar:/home/iaon/.jenkins/tools/hudson.model.JDK/jdk6/jre/lib/jsse.jar:/home/iaon/.jenkins/tools/hudson.model.JDK/jdk6/jre/lib/jce.jar:/home/iaon/.jenkins/tools/hudson.model.JDK/jdk6/jre/lib/charsets.jar:/home/iaon/.jenkins/tools/hudson.model.JDK/jdk6/jre/lib/modules/jdk.boot.jar:/home/iaon/.jenkins/tools/hudson.model.JDK/jdk6/jre/classes"/>
    <property name="java.vendor" value="Sun Microsystems Inc."/>
    <property name="localRepository" value="/home/iaon/.m2/repository"/>
    <property name="file.separator" value="/"/>
    <property name="java.vendor.url.bug" value="http://java.sun.com/cgi-bin/bugreport.cgi"/>
    <property name="sun.cpu.endian" value="little"/>
    <property name="sun.io.unicode.encoding" value="UnicodeLittle"/>
    <property name="sun.desktop" value="gnome"/>
    <property name="sun.cpu.isalist" value=""/>
  </properties>
  <testcase time="0.003" classname="com.mycompany.app.AppTest" name="testApp"/>
</testsuite>